<?xml version="1.0" encoding="UTF-8"?>
<!-- Generated by org.testng.reporters.JUnitXMLReporter -->
<testsuite ignored="0" hostname="TYSS-Chaithra" failures="0" tests="1" name="Test-Runner-1" time="30.013" errors="0" timestamp="2023-03-31T11:25:17 IST">
  <testcase classname="vtiger.Contact.Tests.CreateContactWithOrganizationTest" name="createContactWithOrgTest" time="19.967"/>
</testsuite> <!-- Test-Runner-1 -->
