<?xml version="1.0" encoding="UTF-8"?>
<!-- Generated by org.testng.reporters.JUnitXMLReporter -->
<testsuite ignored="0" hostname="TYSS-Chaithra" failures="0" tests="2" name="Test-Runner-2" time="26.944" errors="0" timestamp="2023-03-31T11:25:14 IST">
  <testcase classname="vtiger.Organization.Tests.CreateOrganizationTest" name="createOrgTest" time="10.177"/>
  <testcase classname="vtiger.Organization.Tests.CreateOrganizationTest" name="demo" time="0.001"/>
</testsuite> <!-- Test-Runner-2 -->
