<?xml version="1.0" encoding="UTF-8"?>
<!-- Generated by org.testng.reporters.JUnitReportReporter -->
<testsuite hostname="TYSS-Chaithra" failures="0" tests="2" name="vtiger.Practice.BaseClassPractice" time="0.005" errors="0" timestamp="2023-03-28T11:13:39 IST" skipped="0">
  <testcase classname="vtiger.Practice.BaseClassPractice" name="test2" time="0.001"/>
  <system-out/>
  <testcase classname="vtiger.Practice.BaseClassPractice" name="test" time="0.004"/>
  <system-out/>
</testsuite> <!-- vtiger.Practice.BaseClassPractice -->
