<?xml version="1.0" encoding="UTF-8"?>
<!-- Generated by org.testng.reporters.JUnitReportReporter -->
<testsuite hostname="TYSS-Chaithra" failures="0" tests="3" name="vtiger.Practice.TestNGPracticeTest" time="0.018" errors="0" timestamp="2023-03-30T11:11:38 IST" skipped="0">
  <testcase classname="vtiger.Practice.TestNGPracticeTest" name="modifyUserTest" time="0.001"/>
  <system-out/>
  <testcase classname="vtiger.Practice.TestNGPracticeTest" name="createUserTest" time="0.015"/>
  <system-out/>
  <testcase classname="vtiger.Practice.TestNGPracticeTest" name="deleteUserTest" time="0.002"/>
  <system-out/>
</testsuite> <!-- vtiger.Practice.TestNGPracticeTest -->
