<?xml version="1.0" encoding="UTF-8"?>
<!-- Generated by org.testng.reporters.JUnitReportReporter -->
<testsuite hostname="TYSS-Chaithra" failures="0" tests="2" name="vtiger.Practice.DataProviderPractice" time="0.010" errors="0" timestamp="2023-03-27T10:42:39 IST" skipped="0">
  <testcase classname="vtiger.Practice.DataProviderPractice" name="addToCart" time="0.001"/>
  <system-out/>
  <testcase classname="vtiger.Practice.DataProviderPractice" name="addToCart" time="0.009"/>
  <system-out/>
</testsuite> <!-- vtiger.Practice.DataProviderPractice -->
