<?xml version="1.0" encoding="UTF-8"?>
<!-- Generated by org.testng.reporters.JUnitReportReporter -->
<testsuite hostname="TYSS-Chaithra" failures="0" tests="1" name="vtiger.Practice.ReadDataFromcmdLine" time="0.008" errors="0" timestamp="2023-04-10T10:49:13 IST" skipped="0">
  <testcase classname="vtiger.Practice.ReadDataFromcmdLine" name="test" time="0.008"/>
  <system-out/>
</testsuite> <!-- vtiger.Practice.ReadDataFromcmdLine -->
